This is pdfTeX, Version 3.141592653-2.6-1.40.22 (TeX Live 2022/dev/Debian) (preloaded format=pdflatex 2024.2.2)  5 FEB 2024 20:54
entering extended mode
 restricted \write18 enabled.
 %&-line parsing enabled.
**SRS_Galatex_p1.tex
(./SRS_Galatex_p1.tex
LaTeX2e <2021-11-15> patch level 1
L3 programming layer <2022-01-21>
(/usr/share/texlive/texmf-dist/tex/latex/base/article.cls
Document Class: article 2021/10/04 v1.4n Standard LaTeX document class
(/usr/share/texlive/texmf-dist/tex/latex/base/size12.clo
File: size12.clo 2021/10/04 v1.4n Standard LaTeX file (size option)
)
\c@part=\count185
\c@section=\count186
\c@subsection=\count187
\c@subsubsection=\count188
\c@paragraph=\count189
\c@subparagraph=\count190
\c@figure=\count191
\c@table=\count192
\abovecaptionskip=\skip47
\belowcaptionskip=\skip48
\bibindent=\dimen138
)
(/usr/share/texlive/texmf-dist/tex/latex/base/inputenc.sty
Package: inputenc 2021/02/14 v1.3d Input encoding file
\inpenc@prehook=\toks16
\inpenc@posthook=\toks17
)
(/usr/share/texlive/texmf-dist/tex/latex/graphics/graphicx.sty
Package: graphicx 2021/09/16 v1.2d Enhanced LaTeX Graphics (DPC,SPQR)

(/usr/share/texlive/texmf-dist/tex/latex/graphics/keyval.sty
Package: keyval 2014/10/28 v1.15 key=value parser (DPC)
\KV@toks@=\toks18
)
(/usr/share/texlive/texmf-dist/tex/latex/graphics/graphics.sty
Package: graphics 2021/03/04 v1.4d Standard LaTeX Graphics (DPC,SPQR)

(/usr/share/texlive/texmf-dist/tex/latex/graphics/trig.sty
Package: trig 2021/08/11 v1.11 sin cos tan (DPC)
)
(/usr/share/texlive/texmf-dist/tex/latex/graphics-cfg/graphics.cfg
File: graphics.cfg 2016/06/04 v1.11 sample graphics configuration
)
Package graphics Info: Driver file: pdftex.def on input line 107.

(/usr/share/texlive/texmf-dist/tex/latex/graphics-def/pdftex.def
File: pdftex.def 2020/10/05 v1.2a Graphics/color driver for pdftex
))
\Gin@req@height=\dimen139
\Gin@req@width=\dimen140
)
(/usr/share/texlive/texmf-dist/tex/latex/ragged2e/ragged2e.sty
Package: ragged2e 2021/12/15 v3.1 ragged2e Package
\CenteringLeftskip=\skip49
\RaggedLeftLeftskip=\skip50
\RaggedRightLeftskip=\skip51
\CenteringRightskip=\skip52
\RaggedLeftRightskip=\skip53
\RaggedRightRightskip=\skip54
\CenteringParfillskip=\skip55
\RaggedLeftParfillskip=\skip56
\RaggedRightParfillskip=\skip57
\JustifyingParfillskip=\skip58
\CenteringParindent=\skip59
\RaggedLeftParindent=\skip60
\RaggedRightParindent=\skip61
\JustifyingParindent=\skip62
)
(/usr/share/texlive/texmf-dist/tex/latex/tools/multicol.sty
Package: multicol 2021/10/28 v1.9b multicolumn formatting (FMi)
\c@tracingmulticols=\count193
\mult@box=\box50
\multicol@leftmargin=\dimen141
\c@unbalance=\count194
\c@collectmore=\count195
\doublecol@number=\count196
\multicoltolerance=\count197
\multicolpretolerance=\count198
\full@width=\dimen142
\page@free=\dimen143
\premulticols=\dimen144
\postmulticols=\dimen145
\multicolsep=\skip63
\multicolbaselineskip=\skip64
\partial@page=\box51
\last@line=\box52
\maxbalancingoverflow=\dimen146
\mult@rightbox=\box53
\mult@grightbox=\box54
\mult@firstbox=\box55
\mult@gfirstbox=\box56
\@tempa=\box57
\@tempa=\box58
\@tempa=\box59
\@tempa=\box60
\@tempa=\box61
\@tempa=\box62
\@tempa=\box63
\@tempa=\box64
\@tempa=\box65
\@tempa=\box66
\@tempa=\box67
\@tempa=\box68
\@tempa=\box69
\@tempa=\box70
\@tempa=\box71
\@tempa=\box72
\@tempa=\box73
\@tempa=\box74
\@tempa=\box75
\@tempa=\box76
\@tempa=\box77
\@tempa=\box78
\@tempa=\box79
\@tempa=\box80
\@tempa=\box81
\@tempa=\box82
\@tempa=\box83
\@tempa=\box84
\@tempa=\box85
\@tempa=\box86
\@tempa=\box87
\@tempa=\box88
\@tempa=\box89
\@tempa=\box90
\@tempa=\box91
\@tempa=\box92
\c@minrows=\count199
\c@columnbadness=\count266
\c@finalcolumnbadness=\count267
\last@try=\dimen147
\multicolovershoot=\dimen148
\multicolundershoot=\dimen149
\mult@nat@firstbox=\box93
\colbreak@box=\box94
\mc@col@check@num=\count268
)
(/usr/share/texlive/texmf-dist/tex/latex/l3backend/l3backend-pdftex.def
File: l3backend-pdftex.def 2022-01-12 L3 backend support: PDF output (pdfTeX)
\l__color_backend_stack_int=\count269
\l__pdf_internal_box=\box95
)
(./SRS_Galatex_p1.aux)
\openout1 = `SRS_Galatex_p1.aux'.

LaTeX Font Info:    Checking defaults for OML/cmm/m/it on input line 24.
LaTeX Font Info:    ... okay on input line 24.
LaTeX Font Info:    Checking defaults for OMS/cmsy/m/n on input line 24.
LaTeX Font Info:    ... okay on input line 24.
LaTeX Font Info:    Checking defaults for OT1/cmr/m/n on input line 24.
LaTeX Font Info:    ... okay on input line 24.
LaTeX Font Info:    Checking defaults for T1/cmr/m/n on input line 24.
LaTeX Font Info:    ... okay on input line 24.
LaTeX Font Info:    Checking defaults for TS1/cmr/m/n on input line 24.
LaTeX Font Info:    ... okay on input line 24.
LaTeX Font Info:    Checking defaults for OMX/cmex/m/n on input line 24.
LaTeX Font Info:    ... okay on input line 24.
LaTeX Font Info:    Checking defaults for U/cmr/m/n on input line 24.
LaTeX Font Info:    ... okay on input line 24.

(/usr/share/texlive/texmf-dist/tex/context/base/mkii/supp-pdf.mkii
[Loading MPS to PDF converter (version 2006.09.02).]
\scratchcounter=\count270
\scratchdimen=\dimen150
\scratchbox=\box96
\nofMPsegments=\count271
\nofMParguments=\count272
\everyMPshowfont=\toks19
\MPscratchCnt=\count273
\MPscratchDim=\dimen151
\MPnumerator=\count274
\makeMPintoPDFobject=\count275
\everyMPtoPDFconversion=\toks20
) (/usr/share/texlive/texmf-dist/tex/latex/epstopdf-pkg/epstopdf-base.sty
Package: epstopdf-base 2020-01-24 v2.11 Base part for package epstopdf
Package epstopdf-base Info: Redefining graphics rule for `.eps' on input line 4
85.

(/usr/share/texlive/texmf-dist/tex/latex/latexconfig/epstopdf-sys.cfg
File: epstopdf-sys.cfg 2010/07/13 v1.3 Configuration of (r)epstopdf for TeX Liv
e
))
LaTeX Font Info:    External font `cmex10' loaded for size
(Font)              <14.4> on input line 25.
LaTeX Font Info:    External font `cmex10' loaded for size
(Font)              <7> on input line 25.

Underfull \hbox (badness 10000) in paragraph at lines 34--34
[]\OT1/cmss/bx/n/17.28 Descripci^^Son del
 []


Underfull \hbox (badness 10000) in paragraph at lines 35--39

 []


Underfull \hbox (badness 10000) in paragraph at lines 40--44

 []

[1

{/var/lib/texmf/fonts/map/pdftex/updmap/pdftex.map}]
Underfull \hbox (badness 10000) in paragraph at lines 52--52
[]\OT1/cmss/bx/n/17.28 Car^^Sacteristicas del
 []


Overfull \hbox (1.07932pt too wide) in paragraph at lines 55--55
[]\OT1/cmss/bx/n/17.28 Funcionalidades gen-
 []

LaTeX Font Info:    Trying to load font information for TS1+cmss on input line 
59.
(/usr/share/texlive/texmf-dist/tex/latex/base/ts1cmss.fd
File: ts1cmss.fd 2019/12/16 v2.5j Standard LaTeX font definitions
)
Underfull \hbox (badness 10000) in paragraph at lines 71--71
[]\OT1/cmss/bx/n/17.28 Requerimientos de
 []


Underfull \hbox (badness 10000) in paragraph at lines 83--88
[]| \OT1/cmss/m/n/12 Se tendr^^Sa un in-ven-tario
 []

[2]
Underfull \hbox (badness 6032) in paragraph at lines 97--103
[]| \OT1/cmss/m/n/12 As^^S^^P como se tendr^^Sa un
 []

<der.png, id=13, 865.2325pt x 733.74126pt>
File: der.png Graphic file (type png)
<use der.png>
Package pdftex.def Info: der.png  used on input line 156.
(pdftex.def)             Requested size: 195.0pt x 165.36455pt.
[3]
<mrgalatex.jpeg, id=18, 1834.855pt x 924.45375pt>
File: mrgalatex.jpeg Graphic file (type jpg)
<use mrgalatex.jpeg>
Package pdftex.def Info: mrgalatex.jpeg  used on input line 165.
(pdftex.def)             Requested size: 195.0pt x 98.23425pt.
 [4 <./der.png> <./mrgalatex.jpeg>]
<casosUso.jpg, id=23, 663.47874pt x 909.3975pt>
File: casosUso.jpg Graphic file (type jpg)
<use casosUso.jpg>
Package pdftex.def Info: casosUso.jpg  used on input line 173.
(pdftex.def)             Requested size: 195.0pt x 267.27084pt.
 [5 <./casosUso.jpg>]
Underfull \hbox (badness 10000) in paragraph at lines 181--183
\OT1/cmss/m/n/12 caci^^Son sea un pro-ducto de cal-i-dad y que sea fun-cional.
 []


Underfull \hbox (badness 10000) in paragraph at lines 181--183
\OT1/cmss/m/n/12 de-sar-rollo del proyecto.
 []


Underfull \hbox (badness 10000) in paragraph at lines 181--183

 []


Underfull \hbox (badness 10000) in paragraph at lines 181--183

 []

LaTeX Font Info:    External font `cmex10' loaded for size
(Font)              <12> on input line 184.
LaTeX Font Info:    External font `cmex10' loaded for size
(Font)              <8> on input line 184.
LaTeX Font Info:    External font `cmex10' loaded for size
(Font)              <6> on input line 184.

Underfull \hbox (badness 10000) in paragraph at lines 184--186
[]\OT1/cmss/m/n/12 Firma de con-n-formi-dad: $[]$
 []


Underfull \hbox (badness 10000) in paragraph at lines 184--186

 []


Underfull \hbox (badness 10000) in paragraph at lines 184--186
\OT1/cmss/m/n/12 Firma equipo de-sar-rol-lador: $[]$
 []


Underfull \hbox (badness 10000) in paragraph at lines 184--186

 []

[6] (./SRS_Galatex_p1.aux) ) 
Here is how much of TeX's memory you used:
 1591 strings out of 478287
 27052 string characters out of 5849290
 328489 words of memory out of 5000000
 19804 multiletter control sequences out of 15000+600000
 475065 words of font info for 47 fonts, out of 8000000 for 9000
 1141 hyphenation exceptions out of 8191
 55i,13n,62p,489b,318s stack positions out of 5000i,500n,10000p,200000b,80000s
{/usr/share/texmf/fonts/enc/dvips/cm-super/cm-super
-ts1.enc}</usr/share/texlive/texmf-dist/fonts/type1/public/amsfonts/cm/cmss12.p
fb></usr/share/texlive/texmf-dist/fonts/type1/public/amsfonts/cm/cmss17.pfb></u
sr/share/texlive/texmf-dist/fonts/type1/public/amsfonts/cm/cmssbx10.pfb></usr/s
hare/texmf/fonts/type1/public/cm-super/sfss1200.pfb>
Output written on SRS_Galatex_p1.pdf (6 pages, 486526 bytes).
PDF statistics:
 49 PDF objects out of 1000 (max. 8388607)
 28 compressed objects within 1 object stream
 0 named destinations out of 1000 (max. 500000)
 16 words of extra memory for PDF output out of 10000 (max. 10000000)

